<?xml version="1.0" encoding="UTF-8"?>
<!-- Generated by org.testng.reporters.JUnitXMLReporter -->
<testsuite ignored="0" hostname="DESKTOP-SLQOFR5" failures="0" tests="4" name="Default test" time="23.15" errors="0" timestamp="2025-01-20T18:00:36 IST">
  <testcase classname="Ashke.UploadHistory" name="SetUp" time="9.488"/>
  <testcase classname="Ashke.UploadHistory" name="TestValidLogin" time="6.744"/>
  <testcase classname="Ashke.UploadHistory" name="UploadHistoryNavigation" time="2.327"/>
  <testcase classname="Ashke.UploadHistory" name="Filter" time="4.452"/>
</testsuite> <!-- Default test -->
