<?xml version="1.0" encoding="UTF-8"?>
<testng-results ignored="0" total="4" passed="4" failed="0" skipped="0">
  <reporter-output>
  </reporter-output>
  <suite started-at="2025-01-20T18:00:12 IST" name="Default suite" finished-at="2025-01-20T18:00:35 IST" duration-ms="23150">
    <groups>
    </groups>
    <test started-at="2025-01-20T18:00:12 IST" name="Default test" finished-at="2025-01-20T18:00:35 IST" duration-ms="23150">
      <class name="Ashke.UploadHistory">
        <test-method is-config="true" signature="starttime()[pri:0, instance:Ashke.UploadHistory@5911e990]" started-at="2025-01-20T18:00:12 IST" name="starttime" finished-at="2025-01-20T18:00:12 IST" duration-ms="23" status="PASS">
          <reporter-output>
          </reporter-output>
        </test-method> <!-- starttime -->
        <test-method signature="SetUp()[pri:0, instance:Ashke.UploadHistory@5911e990]" started-at="2025-01-20T18:00:12 IST" name="SetUp" finished-at="2025-01-20T18:00:22 IST" duration-ms="9488" status="PASS">
          <reporter-output>
          </reporter-output>
        </test-method> <!-- SetUp -->
        <test-method signature="TestValidLogin()[pri:1, instance:Ashke.UploadHistory@5911e990]" started-at="2025-01-20T18:00:22 IST" name="TestValidLogin" finished-at="2025-01-20T18:00:28 IST" duration-ms="6744" status="PASS">
          <reporter-output>
          </reporter-output>
        </test-method> <!-- TestValidLogin -->
        <test-method signature="UploadHistoryNavigation()[pri:2, instance:Ashke.UploadHistory@5911e990]" started-at="2025-01-20T18:00:29 IST" name="UploadHistoryNavigation" finished-at="2025-01-20T18:00:31 IST" duration-ms="2327" status="PASS">
          <reporter-output>
          </reporter-output>
        </test-method> <!-- UploadHistoryNavigation -->
        <test-method signature="Filter()[pri:3, instance:Ashke.UploadHistory@5911e990]" started-at="2025-01-20T18:00:31 IST" name="Filter" finished-at="2025-01-20T18:00:35 IST" duration-ms="4452" status="PASS">
          <reporter-output>
          </reporter-output>
        </test-method> <!-- Filter -->
      </class> <!-- Ashke.UploadHistory -->
    </test> <!-- Default test -->
  </suite> <!-- Default suite -->
</testng-results>
